This file contains any messages produced by compilers while
running configure, to aid debugging if configure makes a mistake.

It was created by libgherkin3 configure 0.1, which was
generated by GNU Autoconf 2.69.  Invocation command line was

  $ ./configure CFLAGS=-g -O0 CXXFLAGS=-g -O0

## --------- ##
## Platform. ##
## --------- ##

hostname = localhost.localdomain
uname -m = x86_64
uname -r = 4.2.8-300.fc23.x86_64
uname -s = Linux
uname -v = #1 SMP Tue Dec 15 16:49:06 UTC 2015

/usr/bin/uname -p = x86_64
/bin/uname -X     = unknown

/bin/arch              = x86_64
/usr/bin/arch -k       = unknown
/usr/convex/getsysinfo = unknown
/usr/bin/hostinfo      = unknown
/bin/machine           = unknown
/usr/bin/oslevel       = unknown
/bin/universe          = unknown

PATH: /usr/local/bin
PATH: /usr/local/sbin
PATH: /usr/bin
PATH: /usr/sbin
PATH: /home/bizarro/.local/bin
PATH: /home/bizarro/bin


## ----------- ##
## Core tests. ##
## ----------- ##

configure:2269: checking for a BSD-compatible install
configure:2337: result: /usr/bin/install -c
configure:2348: checking whether build environment is sane
configure:2403: result: yes
configure:2554: checking for a thread-safe mkdir -p
configure:2593: result: /usr/bin/mkdir -p
configure:2600: checking for gawk
configure:2616: found /usr/bin/gawk
configure:2627: result: gawk
configure:2638: checking whether make sets $(MAKE)
configure:2660: result: yes
configure:2689: checking whether make supports nested variables
configure:2706: result: yes
configure:2833: checking whether to enable maintainer-specific portions of Makefiles
configure:2842: result: yes
configure:2905: checking for gcc
configure:2921: found /usr/bin/gcc
configure:2932: result: gcc
configure:3161: checking for C compiler version
configure:3170: gcc --version >&5
gcc (GCC) 5.3.1 20151207 (Red Hat 5.3.1-2)
Copyright (C) 2015 Free Software Foundation, Inc.
This is free software; see the source for copying conditions.  There is NO
warranty; not even for MERCHANTABILITY or FITNESS FOR A PARTICULAR PURPOSE.

configure:3181: $? = 0
configure:3170: gcc -v >&5
Using built-in specs.
COLLECT_GCC=gcc
COLLECT_LTO_WRAPPER=/usr/libexec/gcc/x86_64-redhat-linux/5.3.1/lto-wrapper
Target: x86_64-redhat-linux
Configured with: ../configure --enable-bootstrap --enable-languages=c,c++,objc,obj-c++,fortran,ada,go,lto --prefix=/usr --mandir=/usr/share/man --infodir=/usr/share/info --with-bugurl=http://bugzilla.redhat.com/bugzilla --enable-shared --enable-threads=posix --enable-checking=release --enable-multilib --with-system-zlib --enable-__cxa_atexit --disable-libunwind-exceptions --enable-gnu-unique-object --enable-linker-build-id --with-linker-hash-style=gnu --enable-plugin --enable-initfini-array --disable-libgcj --with-isl --enable-libmpx --enable-gnu-indirect-function --with-tune=generic --with-arch_32=i686 --build=x86_64-redhat-linux
Thread model: posix
gcc version 5.3.1 20151207 (Red Hat 5.3.1-2) (GCC) 
configure:3181: $? = 0
configure:3170: gcc -V >&5
gcc: error: unrecognized command line option '-V'
gcc: fatal error: no input files
compilation terminated.
configure:3181: $? = 1
configure:3170: gcc -qversion >&5
gcc: error: unrecognized command line option '-qversion'
gcc: fatal error: no input files
compilation terminated.
configure:3181: $? = 1
configure:3201: checking whether the C compiler works
configure:3223: gcc -g -O0   conftest.c  >&5
configure:3227: $? = 0
configure:3275: result: yes
configure:3278: checking for C compiler default output file name
configure:3280: result: a.out
configure:3286: checking for suffix of executables
configure:3293: gcc -o conftest -g -O0   conftest.c  >&5
configure:3297: $? = 0
configure:3319: result: 
configure:3341: checking whether we are cross compiling
configure:3349: gcc -o conftest -g -O0   conftest.c  >&5
configure:3353: $? = 0
configure:3360: ./conftest
configure:3364: $? = 0
configure:3379: result: no
configure:3384: checking for suffix of object files
configure:3406: gcc -c -g -O0  conftest.c >&5
configure:3410: $? = 0
configure:3431: result: o
configure:3435: checking whether we are using the GNU C compiler
configure:3454: gcc -c -g -O0  conftest.c >&5
configure:3454: $? = 0
configure:3463: result: yes
configure:3472: checking whether gcc accepts -g
configure:3492: gcc -c -g  conftest.c >&5
configure:3492: $? = 0
configure:3533: result: yes
configure:3550: checking for gcc option to accept ISO C89
configure:3613: gcc  -c -g -O0  conftest.c >&5
configure:3613: $? = 0
configure:3626: result: none needed
configure:3651: checking whether gcc understands -c and -o together
configure:3673: gcc -c conftest.c -o conftest2.o
configure:3676: $? = 0
configure:3673: gcc -c conftest.c -o conftest2.o
configure:3676: $? = 0
configure:3688: result: yes
configure:3716: checking for style of include used by make
configure:3744: result: GNU
configure:3770: checking dependency style of gcc
configure:3881: result: gcc3
configure:3946: checking for ar
configure:3962: found /usr/bin/ar
configure:3973: result: ar
configure:3999: checking the archiver (ar) interface
configure:4015: gcc -c -g -O0  conftest.c >&5
configure:4015: $? = 0
configure:4017: ar cru libconftest.a conftest.o >&5
ar: `u' modifier ignored since `D' is the default (see `U')
configure:4020: $? = 0
configure:4048: result: ar
configure:4070: checking for valac
configure:4088: found /usr/bin/valac
configure:4101: result: /usr/bin/valac
configure:4144: checking build system type
configure:4158: result: x86_64-unknown-linux-gnu
configure:4178: checking host system type
configure:4191: result: x86_64-unknown-linux-gnu
configure:4289: checking how to print strings
configure:4316: result: printf
configure:4337: checking for a sed that does not truncate output
configure:4401: result: /usr/bin/sed
configure:4419: checking for grep that handles long lines and -e
configure:4477: result: /usr/bin/grep
configure:4482: checking for egrep
configure:4544: result: /usr/bin/grep -E
configure:4549: checking for fgrep
configure:4611: result: /usr/bin/grep -F
configure:4646: checking for ld used by gcc
configure:4713: result: /usr/bin/ld
configure:4720: checking if the linker (/usr/bin/ld) is GNU ld
configure:4735: result: yes
configure:4747: checking for BSD- or MS-compatible name lister (nm)
configure:4801: result: /usr/bin/nm -B
configure:4931: checking the name lister (/usr/bin/nm -B) interface
configure:4938: gcc -c -g -O0  conftest.c >&5
configure:4941: /usr/bin/nm -B "conftest.o"
configure:4944: output
0000000000000000 B some_variable
configure:4951: result: BSD nm
configure:4954: checking whether ln -s works
configure:4958: result: yes
configure:4966: checking the maximum length of command line arguments
configure:5097: result: 1572864
configure:5145: checking how to convert x86_64-unknown-linux-gnu file names to x86_64-unknown-linux-gnu format
configure:5185: result: func_convert_file_noop
configure:5192: checking how to convert x86_64-unknown-linux-gnu file names to toolchain format
configure:5212: result: func_convert_file_noop
configure:5219: checking for /usr/bin/ld option to reload object files
configure:5226: result: -r
configure:5300: checking for objdump
configure:5316: found /usr/bin/objdump
configure:5327: result: objdump
configure:5359: checking how to recognize dependent libraries
configure:5559: result: pass_all
configure:5644: checking for dlltool
configure:5674: result: no
configure:5704: checking how to associate runtime and link libraries
configure:5731: result: printf %s\n
configure:5855: checking for archiver @FILE support
configure:5872: gcc -c -g -O0  conftest.c >&5
configure:5872: $? = 0
configure:5875: ar cru libconftest.a @conftest.lst >&5
ar: `u' modifier ignored since `D' is the default (see `U')
configure:5878: $? = 0
configure:5883: ar cru libconftest.a @conftest.lst >&5
ar: `u' modifier ignored since `D' is the default (see `U')
ar: conftest.o: No such file or directory
configure:5886: $? = 1
configure:5898: result: @
configure:5956: checking for strip
configure:5972: found /usr/bin/strip
configure:5983: result: strip
configure:6055: checking for ranlib
configure:6071: found /usr/bin/ranlib
configure:6082: result: ranlib
configure:6184: checking command to parse /usr/bin/nm -B output from gcc object
configure:6337: gcc -c -g -O0  conftest.c >&5
configure:6340: $? = 0
configure:6344: /usr/bin/nm -B conftest.o \| sed -n -e 's/^.*[ ]\([ABCDGIRSTW][ABCDGIRSTW]*\)[ ][ ]*\([_A-Za-z][_A-Za-z0-9]*\)$/\1 \2 \2/p' | sed '/ __gnu_lto/d' \> conftest.nm
configure:6347: $? = 0
configure:6413: gcc -o conftest -g -O0   conftest.c conftstm.o >&5
configure:6416: $? = 0
configure:6454: result: ok
configure:6501: checking for sysroot
configure:6531: result: no
configure:6538: checking for a working dd
configure:6576: result: /usr/bin/dd
configure:6580: checking how to truncate binary pipes
configure:6595: result: /usr/bin/dd bs=4096 count=1
configure:6731: gcc -c -g -O0  conftest.c >&5
configure:6734: $? = 0
configure:6924: checking for mt
configure:6954: result: no
configure:6974: checking if : is a manifest tool
configure:6980: : '-?'
configure:6988: result: no
configure:7665: checking how to run the C preprocessor
configure:7696: gcc -E  conftest.c
configure:7696: $? = 0
configure:7710: gcc -E  conftest.c
conftest.c:11:28: fatal error: ac_nonexistent.h: No such file or directory
compilation terminated.
configure:7710: $? = 1
configure: failed program was:
| /* confdefs.h */
| #define PACKAGE_NAME "libgherkin3"
| #define PACKAGE_TARNAME "dia3"
| #define PACKAGE_VERSION "0.1"
| #define PACKAGE_STRING "libgherkin3 0.1"
| #define PACKAGE_BUGREPORT "https://github.com/chebizarro/gherkin3/issues"
| #define PACKAGE_URL "https://github.com/chebizarro/gherkin3"
| #define PACKAGE "dia3"
| #define VERSION "0.1"
| /* end confdefs.h.  */
| #include <ac_nonexistent.h>
configure:7735: result: gcc -E
configure:7755: gcc -E  conftest.c
configure:7755: $? = 0
configure:7769: gcc -E  conftest.c
conftest.c:11:28: fatal error: ac_nonexistent.h: No such file or directory
compilation terminated.
configure:7769: $? = 1
configure: failed program was:
| /* confdefs.h */
| #define PACKAGE_NAME "libgherkin3"
| #define PACKAGE_TARNAME "dia3"
| #define PACKAGE_VERSION "0.1"
| #define PACKAGE_STRING "libgherkin3 0.1"
| #define PACKAGE_BUGREPORT "https://github.com/chebizarro/gherkin3/issues"
| #define PACKAGE_URL "https://github.com/chebizarro/gherkin3"
| #define PACKAGE "dia3"
| #define VERSION "0.1"
| /* end confdefs.h.  */
| #include <ac_nonexistent.h>
configure:7798: checking for ANSI C header files
configure:7818: gcc -c -g -O0  conftest.c >&5
configure:7818: $? = 0
configure:7891: gcc -o conftest -g -O0   conftest.c  >&5
configure:7891: $? = 0
configure:7891: ./conftest
configure:7891: $? = 0
configure:7902: result: yes
configure:7915: checking for sys/types.h
configure:7915: gcc -c -g -O0  conftest.c >&5
configure:7915: $? = 0
configure:7915: result: yes
configure:7915: checking for sys/stat.h
configure:7915: gcc -c -g -O0  conftest.c >&5
configure:7915: $? = 0
configure:7915: result: yes
configure:7915: checking for stdlib.h
configure:7915: gcc -c -g -O0  conftest.c >&5
configure:7915: $? = 0
configure:7915: result: yes
configure:7915: checking for string.h
configure:7915: gcc -c -g -O0  conftest.c >&5
configure:7915: $? = 0
configure:7915: result: yes
configure:7915: checking for memory.h
configure:7915: gcc -c -g -O0  conftest.c >&5
configure:7915: $? = 0
configure:7915: result: yes
configure:7915: checking for strings.h
configure:7915: gcc -c -g -O0  conftest.c >&5
configure:7915: $? = 0
configure:7915: result: yes
configure:7915: checking for inttypes.h
configure:7915: gcc -c -g -O0  conftest.c >&5
configure:7915: $? = 0
configure:7915: result: yes
configure:7915: checking for stdint.h
configure:7915: gcc -c -g -O0  conftest.c >&5
configure:7915: $? = 0
configure:7915: result: yes
configure:7915: checking for unistd.h
configure:7915: gcc -c -g -O0  conftest.c >&5
configure:7915: $? = 0
configure:7915: result: yes
configure:7929: checking for dlfcn.h
configure:7929: gcc -c -g -O0  conftest.c >&5
configure:7929: $? = 0
configure:7929: result: yes
configure:8184: checking for objdir
configure:8199: result: .libs
configure:8463: checking if gcc supports -fno-rtti -fno-exceptions
configure:8481: gcc -c -g -O0  -fno-rtti -fno-exceptions conftest.c >&5
cc1: warning: command line option '-fno-rtti' is valid for C++/ObjC++ but not for C
configure:8485: $? = 0
configure:8498: result: no
configure:8856: checking for gcc option to produce PIC
configure:8863: result: -fPIC -DPIC
configure:8871: checking if gcc PIC flag -fPIC -DPIC works
configure:8889: gcc -c -g -O0  -fPIC -DPIC -DPIC conftest.c >&5
configure:8893: $? = 0
configure:8906: result: yes
configure:8935: checking if gcc static flag -static works
configure:8963: result: no
configure:8978: checking if gcc supports -c -o file.o
configure:8999: gcc -c -g -O0  -o out/conftest2.o conftest.c >&5
configure:9003: $? = 0
configure:9025: result: yes
configure:9033: checking if gcc supports -c -o file.o
configure:9080: result: yes
configure:9113: checking whether the gcc linker (/usr/bin/ld -m elf_x86_64) supports shared libraries
configure:10372: result: yes
configure:10409: checking whether -lc should be explicitly linked in
configure:10417: gcc -c -g -O0  conftest.c >&5
configure:10420: $? = 0
configure:10435: gcc -shared  -fPIC -DPIC conftest.o  -v -Wl,-soname -Wl,conftest -o conftest 2\>\&1 \| /usr/bin/grep  -lc  \>/dev/null 2\>\&1
configure:10438: $? = 0
configure:10452: result: no
configure:10612: checking dynamic linker characteristics
configure:11193: gcc -o conftest -g -O0   -Wl,-rpath -Wl,/foo conftest.c  >&5
configure:11193: $? = 0
configure:11433: result: GNU/Linux ld.so
configure:11555: checking how to hardcode library paths into programs
configure:11580: result: immediate
configure:12128: checking whether stripping libraries is possible
configure:12133: result: yes
configure:12168: checking if libtool supports shared libraries
configure:12170: result: yes
configure:12173: checking whether to build shared libraries
configure:12198: result: yes
configure:12201: checking whether to build static libraries
configure:12205: result: no
configure:12245: checking for glib-compile-resources
configure:12263: found /usr/bin/glib-compile-resources
configure:12275: result: /usr/bin/glib-compile-resources
configure:12348: checking for pkg-config
configure:12366: found /usr/bin/pkg-config
configure:12378: result: /usr/bin/pkg-config
configure:12403: checking pkg-config is at least version 0.9.0
configure:12406: result: yes
configure:12416: checking for LIBGHERKIN3
configure:12423: $PKG_CONFIG --exists --print-errors "$pkg_modules"
configure:12426: $? = 0
configure:12440: $PKG_CONFIG --exists --print-errors "$pkg_modules"
configure:12443: $? = 0
configure:12501: result: yes
configure:12619: checking that generated files are newer than configure
configure:12625: result: done
configure:12660: creating ./config.status

## ---------------------- ##
## Running config.status. ##
## ---------------------- ##

This file was extended by libgherkin3 config.status 0.1, which was
generated by GNU Autoconf 2.69.  Invocation command line was

  CONFIG_FILES    = 
  CONFIG_HEADERS  = 
  CONFIG_LINKS    = 
  CONFIG_COMMANDS = 
  $ ./config.status 

on localhost.localdomain

config.status:1103: creating Makefile
config.status:1103: creating libgherkin3-0.1.pc
config.status:1103: creating config.h
config.status:1284: config.h is unchanged
config.status:1332: executing depfiles commands
config.status:1332: executing libtool commands

## ---------------- ##
## Cache variables. ##
## ---------------- ##

ac_cv_build=x86_64-unknown-linux-gnu
ac_cv_c_compiler_gnu=yes
ac_cv_env_CC_set=
ac_cv_env_CC_value=
ac_cv_env_CFLAGS_set=set
ac_cv_env_CFLAGS_value='-g -O0'
ac_cv_env_CPPFLAGS_set=
ac_cv_env_CPPFLAGS_value=
ac_cv_env_CPP_set=
ac_cv_env_CPP_value=
ac_cv_env_LDFLAGS_set=
ac_cv_env_LDFLAGS_value=
ac_cv_env_LIBGHERKIN3_CFLAGS_set=
ac_cv_env_LIBGHERKIN3_CFLAGS_value=
ac_cv_env_LIBGHERKIN3_LIBS_set=
ac_cv_env_LIBGHERKIN3_LIBS_value=
ac_cv_env_LIBS_set=
ac_cv_env_LIBS_value=
ac_cv_env_LT_SYS_LIBRARY_PATH_set=
ac_cv_env_LT_SYS_LIBRARY_PATH_value=
ac_cv_env_PKG_CONFIG_LIBDIR_set=
ac_cv_env_PKG_CONFIG_LIBDIR_value=
ac_cv_env_PKG_CONFIG_PATH_set=
ac_cv_env_PKG_CONFIG_PATH_value=
ac_cv_env_PKG_CONFIG_set=
ac_cv_env_PKG_CONFIG_value=
ac_cv_env_build_alias_set=
ac_cv_env_build_alias_value=
ac_cv_env_host_alias_set=
ac_cv_env_host_alias_value=
ac_cv_env_target_alias_set=
ac_cv_env_target_alias_value=
ac_cv_header_dlfcn_h=yes
ac_cv_header_inttypes_h=yes
ac_cv_header_memory_h=yes
ac_cv_header_stdc=yes
ac_cv_header_stdint_h=yes
ac_cv_header_stdlib_h=yes
ac_cv_header_string_h=yes
ac_cv_header_strings_h=yes
ac_cv_header_sys_stat_h=yes
ac_cv_header_sys_types_h=yes
ac_cv_header_unistd_h=yes
ac_cv_host=x86_64-unknown-linux-gnu
ac_cv_objext=o
ac_cv_path_EGREP='/usr/bin/grep -E'
ac_cv_path_FGREP='/usr/bin/grep -F'
ac_cv_path_GLIB_COMPILE_RESOURCES=/usr/bin/glib-compile-resources
ac_cv_path_GREP=/usr/bin/grep
ac_cv_path_SED=/usr/bin/sed
ac_cv_path_VALAC=/usr/bin/valac
ac_cv_path_ac_pt_PKG_CONFIG=/usr/bin/pkg-config
ac_cv_path_install='/usr/bin/install -c'
ac_cv_path_lt_DD=/usr/bin/dd
ac_cv_path_mkdir=/usr/bin/mkdir
ac_cv_prog_AWK=gawk
ac_cv_prog_CPP='gcc -E'
ac_cv_prog_ac_ct_AR=ar
ac_cv_prog_ac_ct_CC=gcc
ac_cv_prog_ac_ct_OBJDUMP=objdump
ac_cv_prog_ac_ct_RANLIB=ranlib
ac_cv_prog_ac_ct_STRIP=strip
ac_cv_prog_cc_c89=
ac_cv_prog_cc_g=yes
ac_cv_prog_make_make_set=yes
am_cv_CC_dependencies_compiler_type=gcc3
am_cv_ar_interface=ar
am_cv_make_support_nested_variables=yes
am_cv_prog_cc_c_o=yes
lt_cv_ar_at_file=@
lt_cv_archive_cmds_need_lc=no
lt_cv_deplibs_check_method=pass_all
lt_cv_file_magic_cmd='$MAGIC_CMD'
lt_cv_file_magic_test_file=
lt_cv_ld_reload_flag=-r
lt_cv_nm_interface='BSD nm'
lt_cv_objdir=.libs
lt_cv_path_LD=/usr/bin/ld
lt_cv_path_NM='/usr/bin/nm -B'
lt_cv_path_mainfest_tool=no
lt_cv_prog_compiler_c_o=yes
lt_cv_prog_compiler_pic='-fPIC -DPIC'
lt_cv_prog_compiler_pic_works=yes
lt_cv_prog_compiler_rtti_exceptions=no
lt_cv_prog_compiler_static_works=no
lt_cv_prog_gnu_ld=yes
lt_cv_sharedlib_from_linklib_cmd='printf %s\n'
lt_cv_shlibpath_overrides_runpath=no
lt_cv_sys_global_symbol_pipe='sed -n -e '\''s/^.*[	 ]\([ABCDGIRSTW][ABCDGIRSTW]*\)[	 ][	 ]*\([_A-Za-z][_A-Za-z0-9]*\)$/\1 \2 \2/p'\'' | sed '\''/ __gnu_lto/d'\'''
lt_cv_sys_global_symbol_to_c_name_address='sed -n -e '\''s/^: \(.*\) .*$/  {"\1", (void *) 0},/p'\'' -e '\''s/^[ABCDGIRSTW][ABCDGIRSTW]* .* \(.*\)$/  {"\1", (void *) \&\1},/p'\'''
lt_cv_sys_global_symbol_to_c_name_address_lib_prefix='sed -n -e '\''s/^: \(.*\) .*$/  {"\1", (void *) 0},/p'\'' -e '\''s/^[ABCDGIRSTW][ABCDGIRSTW]* .* \(lib.*\)$/  {"\1", (void *) \&\1},/p'\'' -e '\''s/^[ABCDGIRSTW][ABCDGIRSTW]* .* \(.*\)$/  {"lib\1", (void *) \&\1},/p'\'''
lt_cv_sys_global_symbol_to_cdecl='sed -n -e '\''s/^T .* \(.*\)$/extern int \1();/p'\'' -e '\''s/^[ABCDGIRSTW][ABCDGIRSTW]* .* \(.*\)$/extern char \1;/p'\'''
lt_cv_sys_global_symbol_to_import=
lt_cv_sys_max_cmd_len=1572864
lt_cv_to_host_file_cmd=func_convert_file_noop
lt_cv_to_tool_file_cmd=func_convert_file_noop
lt_cv_truncate_bin='/usr/bin/dd bs=4096 count=1'
pkg_cv_LIBGHERKIN3_CFLAGS='-pthread -I/usr/include/json-glib-1.0 -I/usr/include/gee-0.8 -I/usr/include/glib-2.0 -I/usr/lib64/glib-2.0/include '
pkg_cv_LIBGHERKIN3_LIBS='-ljson-glib-1.0 -lgio-2.0 -lgee-0.8 -lgobject-2.0 -lglib-2.0 '

## ----------------- ##
## Output variables. ##
## ----------------- ##

ACLOCAL='${SHELL} /home/bizarro/Documents/projects/gherkin-vala/missing aclocal-1.15'
AMDEPBACKSLASH='\'
AMDEP_FALSE='#'
AMDEP_TRUE=''
AMTAR='$${TAR-tar}'
AM_BACKSLASH='\'
AM_DEFAULT_V='$(AM_DEFAULT_VERBOSITY)'
AM_DEFAULT_VERBOSITY='1'
AM_V='$(V)'
AR='ar'
AUTOCONF='${SHELL} /home/bizarro/Documents/projects/gherkin-vala/missing autoconf'
AUTOHEADER='${SHELL} /home/bizarro/Documents/projects/gherkin-vala/missing autoheader'
AUTOMAKE='${SHELL} /home/bizarro/Documents/projects/gherkin-vala/missing automake-1.15'
AWK='gawk'
CC='gcc'
CCDEPMODE='depmode=gcc3'
CFLAGS='-g -O0'
CPP='gcc -E'
CPPFLAGS=''
CYGPATH_W='echo'
DEFS='-DHAVE_CONFIG_H'
DEPDIR='.deps'
DLLTOOL='false'
DSYMUTIL=''
DUMPBIN=''
ECHO_C=''
ECHO_N='-n'
ECHO_T=''
EGREP='/usr/bin/grep -E'
EXEEXT=''
FGREP='/usr/bin/grep -F'
GHERKIN_DATA_DIR='$(datadir)/Gherkin'
GHERKIN_SRC_DIR='/home/bizarro/Documents/projects/gherkin-vala/Gherkin'
GHERKIN_TEST_DIR='/home/bizarro/Documents/projects/gherkin-vala/Gherkin.Specs'
GLIB_COMPILE_RESOURCES='/usr/bin/glib-compile-resources'
GREP='/usr/bin/grep'
INSTALL_DATA='${INSTALL} -m 644'
INSTALL_PROGRAM='${INSTALL}'
INSTALL_SCRIPT='${INSTALL}'
INSTALL_STRIP_PROGRAM='$(install_sh) -c -s'
LD='/usr/bin/ld -m elf_x86_64'
LDFLAGS=''
LIBGHERKIN3_CFLAGS='-pthread -I/usr/include/json-glib-1.0 -I/usr/include/gee-0.8 -I/usr/include/glib-2.0 -I/usr/lib64/glib-2.0/include '
LIBGHERKIN3_LIBS='-ljson-glib-1.0 -lgio-2.0 -lgee-0.8 -lgobject-2.0 -lglib-2.0 '
LIBOBJS=''
LIBS=''
LIBTOOL='$(SHELL) $(top_builddir)/libtool'
LIPO=''
LN_S='ln -s'
LTLIBOBJS=''
LT_SYS_LIBRARY_PATH=''
MAINT=''
MAINTAINER_MODE_FALSE='#'
MAINTAINER_MODE_TRUE=''
MAKEINFO='${SHELL} /home/bizarro/Documents/projects/gherkin-vala/missing makeinfo'
MANIFEST_TOOL=':'
MKDIR_P='/usr/bin/mkdir -p'
NATIVE_WIN32_FALSE=''
NATIVE_WIN32_TRUE='#'
NM='/usr/bin/nm -B'
NMEDIT=''
OBJDUMP='objdump'
OBJEXT='o'
OTOOL64=''
OTOOL=''
PACKAGE='dia3'
PACKAGE_BUGREPORT='https://github.com/chebizarro/gherkin3/issues'
PACKAGE_NAME='libgherkin3'
PACKAGE_STRING='libgherkin3 0.1'
PACKAGE_TARNAME='dia3'
PACKAGE_URL='https://github.com/chebizarro/gherkin3'
PACKAGE_VERSION='0.1'
PATH_SEPARATOR=':'
PKG_CONFIG='/usr/bin/pkg-config'
PKG_CONFIG_LIBDIR=''
PKG_CONFIG_PATH=''
PLATFORM_WIN32_FALSE=''
PLATFORM_WIN32_TRUE='#'
RANLIB='ranlib'
SED='/usr/bin/sed'
SET_MAKE=''
SHELL='/bin/sh'
STRIP='strip'
VALAC='/usr/bin/valac'
VERSION='0.1'
ac_ct_AR='ar'
ac_ct_CC='gcc'
ac_ct_DUMPBIN=''
am__EXEEXT_FALSE=''
am__EXEEXT_TRUE='#'
am__fastdepCC_FALSE='#'
am__fastdepCC_TRUE=''
am__include='include'
am__isrc=''
am__leading_dot='.'
am__nodep='_no'
am__quote=''
am__tar='$${TAR-tar} chof - "$$tardir"'
am__untar='$${TAR-tar} xf -'
bindir='${exec_prefix}/bin'
build='x86_64-unknown-linux-gnu'
build_alias=''
build_cpu='x86_64'
build_os='linux-gnu'
build_vendor='unknown'
datadir='${datarootdir}'
datarootdir='${prefix}/share'
docdir='${datarootdir}/doc/${PACKAGE_TARNAME}'
dvidir='${docdir}'
exec_prefix='${prefix}'
host='x86_64-unknown-linux-gnu'
host_alias=''
host_cpu='x86_64'
host_os='linux-gnu'
host_vendor='unknown'
htmldir='${docdir}'
includedir='${prefix}/include'
infodir='${datarootdir}/info'
install_sh='${SHELL} /home/bizarro/Documents/projects/gherkin-vala/install-sh'
libdir='${exec_prefix}/lib'
libexecdir='${exec_prefix}/libexec'
localedir='${datarootdir}/locale'
localstatedir='${prefix}/var'
mandir='${datarootdir}/man'
mkdir_p='$(MKDIR_P)'
oldincludedir='/usr/include'
pdfdir='${docdir}'
pkg_modules='glib-2.0 gobject-2.0 json-glib-1.0 gee-0.8'
prefix='/usr/local'
program_transform_name='s,x,x,'
psdir='${docdir}'
sbindir='${exec_prefix}/sbin'
sharedstatedir='${prefix}/com'
sysconfdir='${prefix}/etc'
target_alias=''

## ----------- ##
## confdefs.h. ##
## ----------- ##

/* confdefs.h */
#define PACKAGE_NAME "libgherkin3"
#define PACKAGE_TARNAME "dia3"
#define PACKAGE_VERSION "0.1"
#define PACKAGE_STRING "libgherkin3 0.1"
#define PACKAGE_BUGREPORT "https://github.com/chebizarro/gherkin3/issues"
#define PACKAGE_URL "https://github.com/chebizarro/gherkin3"
#define PACKAGE "dia3"
#define VERSION "0.1"
#define STDC_HEADERS 1
#define HAVE_SYS_TYPES_H 1
#define HAVE_SYS_STAT_H 1
#define HAVE_STDLIB_H 1
#define HAVE_STRING_H 1
#define HAVE_MEMORY_H 1
#define HAVE_STRINGS_H 1
#define HAVE_INTTYPES_H 1
#define HAVE_STDINT_H 1
#define HAVE_UNISTD_H 1
#define HAVE_DLFCN_H 1
#define LT_OBJDIR ".libs/"

configure: exit 0

## ---------------------- ##
## Running config.status. ##
## ---------------------- ##

This file was extended by libgherkin3 config.status 0.1, which was
generated by GNU Autoconf 2.69.  Invocation command line was

  CONFIG_FILES    = 
  CONFIG_HEADERS  = 
  CONFIG_LINKS    = 
  CONFIG_COMMANDS = 
  $ ./config.status Makefile depfiles

on localhost.localdomain

config.status:1103: creating Makefile
config.status:1332: executing depfiles commands

## ---------------------- ##
## Running config.status. ##
## ---------------------- ##

This file was extended by libgherkin3 config.status 0.1, which was
generated by GNU Autoconf 2.69.  Invocation command line was

  CONFIG_FILES    = 
  CONFIG_HEADERS  = 
  CONFIG_LINKS    = 
  CONFIG_COMMANDS = 
  $ ./config.status Makefile depfiles

on localhost.localdomain

config.status:1103: creating Makefile
config.status:1332: executing depfiles commands

## ---------------------- ##
## Running config.status. ##
## ---------------------- ##

This file was extended by libgherkin3 config.status 0.1, which was
generated by GNU Autoconf 2.69.  Invocation command line was

  CONFIG_FILES    = 
  CONFIG_HEADERS  = 
  CONFIG_LINKS    = 
  CONFIG_COMMANDS = 
  $ ./config.status Makefile depfiles

on localhost.localdomain

config.status:1103: creating Makefile
config.status:1332: executing depfiles commands

## ---------------------- ##
## Running config.status. ##
## ---------------------- ##

This file was extended by libgherkin3 config.status 0.1, which was
generated by GNU Autoconf 2.69.  Invocation command line was

  CONFIG_FILES    = 
  CONFIG_HEADERS  = 
  CONFIG_LINKS    = 
  CONFIG_COMMANDS = 
  $ ./config.status Makefile depfiles

on localhost.localdomain

config.status:1103: creating Makefile
config.status:1332: executing depfiles commands

## ---------------------- ##
## Running config.status. ##
## ---------------------- ##

This file was extended by libgherkin3 config.status 0.1, which was
generated by GNU Autoconf 2.69.  Invocation command line was

  CONFIG_FILES    = 
  CONFIG_HEADERS  = 
  CONFIG_LINKS    = 
  CONFIG_COMMANDS = 
  $ ./config.status Makefile depfiles

on localhost.localdomain

config.status:1103: creating Makefile
config.status:1332: executing depfiles commands
